<?xml version="1.0" encoding="utf-8"?><testsuites name="pytest tests"><testsuite name="pytest" errors="0" failures="0" skipped="0" tests="17" time="27.382" timestamp="2026-03-04T02:08:53.434571+00:00" hostname="agent-env-b43782cc-ea3a-43dd-b8e2-6833681ce675"><testcase classname="tests.test_document_signing.TestDocumentTemplates" name="test_get_templates_list" time="1.964" /><testcase classname="tests.test_document_signing.TestDocumentTemplates" name="test_get_templates_with_inactive" time="1.589" /><testcase classname="tests.test_document_signing.TestDocumentTemplates" name="test_create_text_template" time="1.779" /><testcase classname="tests.test_document_signing.TestDocumentTemplates" name="test_create_template_validation" time="1.595" /><testcase classname="tests.test_document_signing.TestDocumentTemplates" name="test_get_template_by_id" time="1.645" /><testcase classname="tests.test_document_signing.TestDocumentTemplates" name="test_get_nonexistent_template" time="1.477" /><testcase classname="tests.test_document_signing.TestDocumentTemplates" name="test_templates_require_auth" time="1.451" /><testcase classname="tests.test_document_signing.TestDocumentSending" name="test_send_document_to_member" time="3.461" /><testcase classname="tests.test_document_signing.TestDocumentSending" name="test_send_document_invalid_template" time="1.848" /><testcase classname="tests.test_document_signing.TestDocumentSending" name="test_send_document_invalid_member" time="1.956" /><testcase classname="tests.test_document_signing.TestSigningRequests" name="test_get_signing_requests" time="1.500" /><testcase classname="tests.test_document_signing.TestSigningRequests" name="test_get_signing_requests_by_member" time="1.951" /><testcase classname="tests.test_document_signing.TestSigningRequests" name="test_get_signing_requests_by_status" time="1.544" /><testcase classname="tests.test_document_signing.TestPublicSigningEndpoint" name="test_public_signing_invalid_token" time="1.664" /><testcase classname="tests.test_document_signing.TestPublicSigningEndpoint" name="test_public_signing_no_auth_required" time="1.592" /><testcase classname="tests.test_document_signing.TestSignatureSubmission" name="test_submit_signature_invalid_token" time="0.179" /><testcase classname="tests.test_document_signing.TestSignatureSubmission" name="test_submit_signature_no_consent" time="0.121" /></testsuite></testsuites>