<?xml version="1.0" encoding="utf-8"?><testsuites name="pytest tests"><testsuite name="pytest" errors="0" failures="6" skipped="0" tests="16" time="15.882" timestamp="2026-01-11T01:09:57.934213+00:00" hostname="agent-env-12b4785b-3a7d-4f0f-be71-781b5728c1a7"><testcase classname="tests.test_dues_reminders.TestDuesRemindersAuth" name="test_admin_login_success" time="1.307" /><testcase classname="tests.test_dues_reminders.TestDuesRemindersAuth" name="test_non_authorized_login_success" time="1.232" /><testcase classname="tests.test_dues_reminders.TestDuesRemindersTemplates" name="test_get_templates_returns_3_templates" time="1.292" /><testcase classname="tests.test_dues_reminders.TestDuesRemindersTemplates" name="test_get_templates_unauthorized" time="1.387"><failure message="AssertionError: Expected 403, got 200: {&quot;templates&quot;:[{&quot;id&quot;:&quot;dues_reminder_day3&quot;,&quot;body&quot;:&quot;Hello {{member_name}},\n\nThis is a friendly reminder that your monthly dues payment for {{month}} {{year}} has not been received.\n\nPlease submit your payment at your earliest convenience.\n\nIf you have already made your payment, please disregard this message.\n\nThank you,\nBrothers of the Highway&quot;,&quot;created_at&quot;:&quot;2026-01-11T00:49:55.653Z&quot;,&quot;day_trigger&quot;:3,&quot;is_active&quot;:true,&quot;name&quot;:&quot;Day 3 - First Reminder&quot;,&quot;subject&quot;:&quot;Friendly Reminder: Dues Payment Due&quot;,&quot;updated_at&quot;:&quot;2026-01-11T00:49:55.653Z&quot;},{&quot;id&quot;:&quot;dues_reminder_day8&quot;,&quot;body&quot;:&quot;Hello {{member_name}},\n\nThis is a second reminder that your monthly dues for {{month}} {{year}} remain unpaid.\n\nYour dues are now 8 days overdue. Please submit your payment as soon as possible to remain in good standing.\n\nIf you are experiencing financial difficulties, please reach out to your chapter SEC.\n\nThank you,\nBrothers of the Highway&quot;,&quot;created_at&quot;:&quot;2026-01-11T00:49:55.653Z&quot;,&quot;day_trigger&quot;:8,&quot;is_active&quot;:true,&quot;name&quot;:&quot;Day 8 - Second Reminder&quot;,&quot;subject&quot;:&quot;Second Notice: Dues Payment Overdue&quot;,&quot;updated_at&quot;:&quot;2026-01-11T00:49:55.653Z&quot;},{&quot;id&quot;:&quot;dues_reminder_day10&quot;,&quot;body&quot;:&quot;Hello {{member_name}},\n\nYour monthly dues for {{month}} {{year}} are now 10 days overdue.\n\nAs per our bylaws, your member permissions have been temporarily suspended until your dues are brought current.\n\nPlease submit your payment immediately to restore your full membership privileges.\n\nIf you have questions or concerns, please contact your chapter SEC.\n\nThank you,\nBrothers of the Highway&quot;,&quot;created_at&quot;:&quot;2026-01-11T00:49:55.653Z&quot;,&quot;day_trigger&quot;:10,&quot;is_active&quot;:true,&quot;name&quot;:&quot;Day 10 - Final Notice &amp; Suspension&quot;,&quot;subject&quot;:&quot;URGENT: Dues 10 Days Overdue - Permissions Suspended&quot;,&quot;updated_at&quot;:&quot;2026-01-11T00:49:55.653Z&quot;}]}&#10;assert 200 == 403&#10; +  where 200 = &lt;Response [200]&gt;.status_code">tests/test_dues_reminders.py:109: in test_get_templates_unauthorized
    assert response.status_code == 403, f"Expected 403, got {response.status_code}: {response.text}"
E   AssertionError: Expected 403, got 200: {"templates":[{"id":"dues_reminder_day3","body":"Hello {{member_name}},\n\nThis is a friendly reminder that your monthly dues payment for {{month}} {{year}} has not been received.\n\nPlease submit your payment at your earliest convenience.\n\nIf you have already made your payment, please disregard this message.\n\nThank you,\nBrothers of the Highway","created_at":"2026-01-11T00:49:55.653Z","day_trigger":3,"is_active":true,"name":"Day 3 - First Reminder","subject":"Friendly Reminder: Dues Payment Due","updated_at":"2026-01-11T00:49:55.653Z"},{"id":"dues_reminder_day8","body":"Hello {{member_name}},\n\nThis is a second reminder that your monthly dues for {{month}} {{year}} remain unpaid.\n\nYour dues are now 8 days overdue. Please submit your payment as soon as possible to remain in good standing.\n\nIf you are experiencing financial difficulties, please reach out to your chapter SEC.\n\nThank you,\nBrothers of the Highway","created_at":"2026-01-11T00:49:55.653Z","day_trigger":8,"is_active":true,"name":"Day 8 - Second Reminder","subject":"Second Notice: Dues Payment Overdue","updated_at":"2026-01-11T00:49:55.653Z"},{"id":"dues_reminder_day10","body":"Hello {{member_name}},\n\nYour monthly dues for {{month}} {{year}} are now 10 days overdue.\n\nAs per our bylaws, your member permissions have been temporarily suspended until your dues are brought current.\n\nPlease submit your payment immediately to restore your full membership privileges.\n\nIf you have questions or concerns, please contact your chapter SEC.\n\nThank you,\nBrothers of the Highway","created_at":"2026-01-11T00:49:55.653Z","day_trigger":10,"is_active":true,"name":"Day 10 - Final Notice &amp; Suspension","subject":"URGENT: Dues 10 Days Overdue - Permissions Suspended","updated_at":"2026-01-11T00:49:55.653Z"}]}
E   assert 200 == 403
E    +  where 200 = &lt;Response [200]&gt;.status_code</failure></testcase><testcase classname="tests.test_dues_reminders.TestDuesRemindersTemplates" name="test_get_templates_no_auth" time="0.039" /><testcase classname="tests.test_dues_reminders.TestDuesRemindersTemplates" name="test_update_template_success" time="0.158" /><testcase classname="tests.test_dues_reminders.TestDuesRemindersTemplates" name="test_update_template_unauthorized" time="0.076"><failure message="AssertionError: Expected 403, got 200&#10;assert 200 == 403&#10; +  where 200 = &lt;Response [200]&gt;.status_code">tests/test_dues_reminders.py:158: in test_update_template_unauthorized
    assert response.status_code == 403, f"Expected 403, got {response.status_code}"
E   AssertionError: Expected 403, got 200
E   assert 200 == 403
E    +  where 200 = &lt;Response [200]&gt;.status_code</failure></testcase><testcase classname="tests.test_dues_reminders.TestDuesRemindersTemplates" name="test_update_nonexistent_template" time="0.079" /><testcase classname="tests.test_dues_reminders.TestDuesRemindersStatus" name="test_get_status_returns_expected_fields" time="1.426" /><testcase classname="tests.test_dues_reminders.TestDuesRemindersStatus" name="test_status_unpaid_members_structure" time="0.118" /><testcase classname="tests.test_dues_reminders.TestDuesRemindersStatus" name="test_get_status_unauthorized" time="1.383"><failure message="AssertionError: Expected 403, got 200&#10;assert 200 == 403&#10; +  where 200 = &lt;Response [200]&gt;.status_code">tests/test_dues_reminders.py:244: in test_get_status_unauthorized
    assert response.status_code == 403, f"Expected 403, got {response.status_code}"
E   AssertionError: Expected 403, got 200
E   assert 200 == 403
E    +  where 200 = &lt;Response [200]&gt;.status_code</failure></testcase><testcase classname="tests.test_dues_reminders.TestDuesRemindersRunCheck" name="test_run_check_success" time="2.310" /><testcase classname="tests.test_dues_reminders.TestDuesRemindersRunCheck" name="test_run_check_unauthorized" time="2.247"><failure message="AssertionError: Expected 403, got 200&#10;assert 200 == 403&#10; +  where 200 = &lt;Response [200]&gt;.status_code">tests/test_dues_reminders.py:289: in test_run_check_unauthorized
    assert response.status_code == 403, f"Expected 403, got {response.status_code}"
E   AssertionError: Expected 403, got 200
E   assert 200 == 403
E    +  where 200 = &lt;Response [200]&gt;.status_code</failure></testcase><testcase classname="tests.test_dues_reminders.TestDuesRemindersSendTest" name="test_send_test_generates_preview" time="1.336"><failure message="AssertionError: Test Member name not in body&#10;assert 'Test Member' in 'Test Body'">tests/test_dues_reminders.py:329: in test_send_test_generates_preview
    assert "Test Member" in preview["body"], "Test Member name not in body"
E   AssertionError: Test Member name not in body
E   assert 'Test Member' in 'Test Body'</failure></testcase><testcase classname="tests.test_dues_reminders.TestDuesRemindersSendTest" name="test_send_test_nonexistent_template" time="0.074" /><testcase classname="tests.test_dues_reminders.TestDuesRemindersSendTest" name="test_send_test_unauthorized" time="1.294"><failure message="AssertionError: Expected 403, got 200&#10;assert 200 == 403&#10; +  where 200 = &lt;Response [200]&gt;.status_code">tests/test_dues_reminders.py:352: in test_send_test_unauthorized
    assert response.status_code == 403, f"Expected 403, got {response.status_code}"
E   AssertionError: Expected 403, got 200
E   assert 200 == 403
E    +  where 200 = &lt;Response [200]&gt;.status_code</failure></testcase></testsuite></testsuites>