<?xml version="1.0" encoding="utf-8"?><testsuites name="pytest tests"><testsuite name="pytest" errors="0" failures="0" skipped="6" tests="16" time="8.068" timestamp="2026-01-11T01:13:29.328851+00:00" hostname="agent-env-12b4785b-3a7d-4f0f-be71-781b5728c1a7"><testcase classname="tests.test_dues_reminders.TestDuesRemindersAuth" name="test_admin_login_success" time="1.300" /><testcase classname="tests.test_dues_reminders.TestDuesRemindersAuth" name="test_non_authorized_login_success" time="0.000"><skipped type="pytest.skip" message="No non-authorized credentials available for testing">/app/tests/test_dues_reminders.py:56: No non-authorized credentials available for testing</skipped></testcase><testcase classname="tests.test_dues_reminders.TestDuesRemindersTemplates" name="test_get_templates_returns_3_templates" time="1.291" /><testcase classname="tests.test_dues_reminders.TestDuesRemindersTemplates" name="test_get_templates_unauthorized" time="0.000"><skipped type="pytest.skip" message="No non-authorized credentials available">/app/tests/test_dues_reminders.py:115: No non-authorized credentials available</skipped></testcase><testcase classname="tests.test_dues_reminders.TestDuesRemindersTemplates" name="test_get_templates_no_auth" time="0.047" /><testcase classname="tests.test_dues_reminders.TestDuesRemindersTemplates" name="test_update_template_success" time="0.206" /><testcase classname="tests.test_dues_reminders.TestDuesRemindersTemplates" name="test_update_template_unauthorized" time="0.000"><skipped type="pytest.skip" message="No non-authorized credentials available">/app/tests/test_dues_reminders.py:158: No non-authorized credentials available</skipped></testcase><testcase classname="tests.test_dues_reminders.TestDuesRemindersTemplates" name="test_update_nonexistent_template" time="0.079" /><testcase classname="tests.test_dues_reminders.TestDuesRemindersStatus" name="test_get_status_returns_expected_fields" time="1.385" /><testcase classname="tests.test_dues_reminders.TestDuesRemindersStatus" name="test_status_unpaid_members_structure" time="0.120" /><testcase classname="tests.test_dues_reminders.TestDuesRemindersStatus" name="test_get_status_unauthorized" time="0.000"><skipped type="pytest.skip" message="No non-authorized credentials available">/app/tests/test_dues_reminders.py:254: No non-authorized credentials available</skipped></testcase><testcase classname="tests.test_dues_reminders.TestDuesRemindersRunCheck" name="test_run_check_success" time="2.213" /><testcase classname="tests.test_dues_reminders.TestDuesRemindersRunCheck" name="test_run_check_unauthorized" time="0.000"><skipped type="pytest.skip" message="No non-authorized credentials available">/app/tests/test_dues_reminders.py:302: No non-authorized credentials available</skipped></testcase><testcase classname="tests.test_dues_reminders.TestDuesRemindersSendTest" name="test_send_test_generates_preview" time="1.263" /><testcase classname="tests.test_dues_reminders.TestDuesRemindersSendTest" name="test_send_test_nonexistent_template" time="0.078" /><testcase classname="tests.test_dues_reminders.TestDuesRemindersSendTest" name="test_send_test_unauthorized" time="0.000"><skipped type="pytest.skip" message="No non-authorized credentials available">/app/tests/test_dues_reminders.py:369: No non-authorized credentials available</skipped></testcase></testsuite></testsuites>