<?xml version="1.0" encoding="utf-8"?><testsuites name="pytest tests"><testsuite name="pytest" errors="0" failures="0" skipped="0" tests="7" time="16.554" timestamp="2026-02-01T18:03:39.971924+00:00" hostname="agent-env-e9326f1e-ac76-4e31-b751-66eaafdeb883"><testcase classname="tests.test_non_dues_paying.TestNonDuesPayingFeature" name="test_login_success" time="2.663" /><testcase classname="tests.test_non_dues_paying.TestNonDuesPayingFeature" name="test_officer_tracking_members_returns_non_dues_paying" time="1.532" /><testcase classname="tests.test_non_dues_paying.TestNonDuesPayingFeature" name="test_create_member_with_non_dues_paying_true" time="1.567" /><testcase classname="tests.test_non_dues_paying.TestNonDuesPayingFeature" name="test_update_member_non_dues_paying" time="1.816" /><testcase classname="tests.test_non_dues_paying.TestNonDuesPayingFeature" name="test_dues_reminder_status_excludes_non_dues_paying" time="3.587" /><testcase classname="tests.test_non_dues_paying.TestNonDuesPayingFeature" name="test_member_list_includes_non_dues_paying_field" time="1.501" /><testcase classname="tests.test_non_dues_paying.TestDuesExemptionBehavior" name="test_non_dues_paying_member_not_in_unpaid_list" time="3.816" /></testsuite></testsuites>