<?xml version="1.0" encoding="utf-8"?><testsuites name="pytest tests"><testsuite name="pytest" errors="0" failures="0" skipped="0" tests="16" time="3.612" timestamp="2026-02-12T05:18:25.362531+00:00" hostname="agent-env-e4f0b8eb-3946-4d13-9c42-f6a577290180"><testcase classname="backend.tests.test_promotion_page.TestDiscordRolesEndpoint" name="test_get_discord_roles_success" time="1.565" /><testcase classname="backend.tests.test_promotion_page.TestDiscordRolesEndpoint" name="test_get_discord_roles_without_auth" time="0.045" /><testcase classname="backend.tests.test_promotion_page.TestDiscordRolesEndpoint" name="test_discord_roles_have_expected_fields" time="0.014" /><testcase classname="backend.tests.test_promotion_page.TestMemberDiscordRolesEndpoint" name="test_get_member_discord_roles_success" time="0.209" /><testcase classname="backend.tests.test_promotion_page.TestMemberDiscordRolesEndpoint" name="test_get_member_discord_roles_returns_nickname" time="0.087" /><testcase classname="backend.tests.test_promotion_page.TestMemberDiscordRolesEndpoint" name="test_get_member_discord_roles_returns_discord_id" time="0.086" /><testcase classname="backend.tests.test_promotion_page.TestMemberDiscordRolesEndpoint" name="test_get_member_discord_roles_nonexistent_member" time="0.089" /><testcase classname="backend.tests.test_promotion_page.TestMemberDiscordRolesEndpoint" name="test_get_member_discord_roles_without_auth" time="0.040" /><testcase classname="backend.tests.test_promotion_page.TestMembersEndpoint" name="test_get_members_success" time="0.254" /><testcase classname="backend.tests.test_promotion_page.TestMembersEndpoint" name="test_members_include_qball" time="0.242" /><testcase classname="backend.tests.test_promotion_page.TestUpdateRolesEndpoint" name="test_update_roles_endpoint_exists" time="0.173" /><testcase classname="backend.tests.test_promotion_page.TestUpdateRolesEndpoint" name="test_update_roles_nonexistent_member" time="0.090" /><testcase classname="backend.tests.test_promotion_page.TestUpdateRolesEndpoint" name="test_update_roles_without_auth" time="0.043" /><testcase classname="backend.tests.test_promotion_page.TestUpdateNicknameEndpoint" name="test_update_nickname_endpoint_exists" time="0.504" /><testcase classname="backend.tests.test_promotion_page.TestUpdateNicknameEndpoint" name="test_update_nickname_nonexistent_member" time="0.053" /><testcase classname="backend.tests.test_promotion_page.TestUpdateNicknameEndpoint" name="test_update_nickname_without_auth" time="0.037" /></testsuite></testsuites>