<?xml version="1.0" encoding="utf-8"?><testsuites name="pytest tests"><testsuite name="pytest" errors="0" failures="0" skipped="0" tests="12" time="54.549" timestamp="2026-01-08T21:44:09.025955+00:00" hostname="agent-env-44e9cf99-15f5-4940-a36c-2645b11a61bb"><testcase classname="tests.test_subscription_endpoints.TestSubscriptionEndpoints" name="test_01_login_success" time="2.879" /><testcase classname="tests.test_subscription_endpoints.TestSubscriptionEndpoints" name="test_02_get_subscriptions_returns_expected_fields" time="5.519" /><testcase classname="tests.test_subscription_endpoints.TestSubscriptionEndpoints" name="test_03_get_subscriptions_match_types" time="6.758" /><testcase classname="tests.test_subscription_endpoints.TestSubscriptionEndpoints" name="test_04_get_all_members_for_linking" time="1.337" /><testcase classname="tests.test_subscription_endpoints.TestSubscriptionEndpoints" name="test_05_sync_subscriptions" time="14.169" /><testcase classname="tests.test_subscription_endpoints.TestSubscriptionEndpoints" name="test_06_link_subscription_validation" time="1.422" /><testcase classname="tests.test_subscription_endpoints.TestSubscriptionEndpoints" name="test_07_link_subscription_invalid_member" time="1.358" /><testcase classname="tests.test_subscription_endpoints.TestSubscriptionEndpoints" name="test_08_subscriptions_unauthorized_access" time="1.288" /><testcase classname="tests.test_subscription_endpoints.TestSubscriptionEndpoints" name="test_09_verify_fuzzy_matching_threshold" time="5.525" /><testcase classname="tests.test_subscription_endpoints.TestSubscriptionEndpoints" name="test_10_verify_batch_api_performance" time="6.284" /><testcase classname="tests.test_subscription_endpoints.TestSubscriptionLinkingFlow" name="test_linking_flow_get_unmatched" time="6.424" /><testcase classname="tests.test_subscription_endpoints.TestSubscriptionLinkingFlow" name="test_linking_flow_get_members" time="1.518" /></testsuite></testsuites>