<?xml version="1.0" encoding="utf-8"?><testsuites name="pytest tests"><testsuite name="pytest" errors="0" failures="0" skipped="0" tests="18" time="15.564" timestamp="2026-03-05T22:41:17.557637+00:00" hostname="agent-env-039f02a0-57bc-4b86-b940-a3935dccc417"><testcase classname="backend.tests.test_treasury_encryption.TestTreasuryAuth" name="test_treasury_requires_auth" time="0.239" /><testcase classname="backend.tests.test_treasury_encryption.TestTreasuryAuth" name="test_admin_can_access_treasury" time="1.850" /><testcase classname="backend.tests.test_treasury_encryption.TestTreasuryAccounts" name="test_list_accounts" time="1.731" /><testcase classname="backend.tests.test_treasury_encryption.TestTreasuryAccounts" name="test_create_account_with_encryption" time="0.233" /><testcase classname="backend.tests.test_treasury_encryption.TestTreasuryAccounts" name="test_create_duplicate_account_rejected" time="0.433" /><testcase classname="backend.tests.test_treasury_encryption.TestTreasuryAccounts" name="test_account_transfer" time="0.471" /><testcase classname="backend.tests.test_treasury_encryption.TestTreasuryTransactions" name="test_list_transactions" time="1.593" /><testcase classname="backend.tests.test_treasury_encryption.TestTreasuryTransactions" name="test_create_expense_transaction" time="0.678" /><testcase classname="backend.tests.test_treasury_encryption.TestTreasuryTransactions" name="test_create_income_transaction" time="0.442" /><testcase classname="backend.tests.test_treasury_encryption.TestTreasuryTransactions" name="test_get_single_transaction" time="0.421" /><testcase classname="backend.tests.test_treasury_encryption.TestTreasuryTransactions" name="test_update_transaction" time="0.617" /><testcase classname="backend.tests.test_treasury_encryption.TestTreasuryTransactions" name="test_delete_transaction" time="0.738" /><testcase classname="backend.tests.test_treasury_encryption.TestTreasuryCategories" name="test_list_categories" time="1.481" /><testcase classname="backend.tests.test_treasury_encryption.TestTreasuryCategories" name="test_list_categories_by_type" time="0.449" /><testcase classname="backend.tests.test_treasury_encryption.TestTreasuryCategories" name="test_create_category" time="0.280" /><testcase classname="backend.tests.test_treasury_encryption.TestTreasuryReports" name="test_get_summary_report" time="1.673" /><testcase classname="backend.tests.test_treasury_encryption.TestAccountNameInTransactions" name="test_transaction_shows_decrypted_account_name" time="1.508" /><testcase classname="backend.tests.test_treasury_encryption.TestAccountNameInTransactions" name="test_new_transaction_gets_decrypted_account_name" time="0.628" /></testsuite></testsuites>